yt : [ERROR    ] 2023-11-22 15:22:15,773 Missing cosmological_simulation in parameter file definition!
Running analysis for field: density
Running analysis for field: mach_number
Running analysis for field: sound_speed
Running analysis for field: magnetic_energy_density
Running analysis for field: magnetic_field_magnitude
Running analysis for field: density
Running analysis for field: mach_number
Running analysis for field: sound_speed
Running analysis for field: magnetic_energy_density
Running analysis for field: magnetic_field_magnitude
Running analysis for field: density
Running analysis for field: mach_number
Running analysis for field: sound_speed
Running analysis for field: magnetic_energy_density
Running analysis for field: magnetic_field_magnitude
Running analysis for field: density
Running analysis for field: mach_number
Running analysis for field: sound_speed
Running analysis for field: magnetic_energy_density
Running analysis for field: magnetic_field_magnitude
Running analysis for field: density
Running analysis for field: mach_number
Running analysis for field: sound_speed
Running analysis for field: magnetic_energy_density
Running analysis for field: magnetic_field_magnitude
Running analysis for field: density
Running analysis for field: mach_number
Running analysis for field: sound_speed
Running analysis for field: magnetic_energy_density
Running analysis for field: magnetic_field_magnitude
Running analysis for field: density
Running analysis for field: mach_number
Running analysis for field: sound_speed
Running analysis for field: magnetic_energy_density
Running analysis for field: magnetic_field_magnitude
Running analysis for field: density
Running analysis for field: mach_number
Running analysis for field: sound_speed
Running analysis for field: magnetic_energy_density
Running analysis for field: magnetic_field_magnitude
Running analysis for field: density
Running analysis for field: mach_number
Running analysis for field: sound_speed
Running analysis for field: magnetic_energy_density
Running analysis for field: magnetic_field_magnitude
Running analysis for field: density
Running analysis for field: mach_number
Running analysis for field: sound_speed
Running analysis for field: magnetic_energy_density
Running analysis for field: magnetic_field_magnitude
Running analysis for field: density
Running analysis for field: mach_number
Running analysis for field: sound_speed
Running analysis for field: magnetic_energy_density
Running analysis for field: magnetic_field_magnitude
Running analysis for field: density
Running analysis for field: mach_number
Running analysis for field: sound_speed
Running analysis for field: magnetic_energy_density
Running analysis for field: magnetic_field_magnitude
Running analysis for field: density
Running analysis for field: mach_number
Running analysis for field: sound_speed
Running analysis for field: magnetic_energy_density
Running analysis for field: magnetic_field_magnitude
Running analysis for field: density
Running analysis for field: mach_number
Running analysis for field: sound_speed
Running analysis for field: magnetic_energy_density
Running analysis for field: magnetic_field_magnitude
Running analysis for field: density
Running analysis for field: mach_number
Running analysis for field: sound_speed
Running analysis for field: magnetic_energy_density
Running analysis for field: magnetic_field_magnitude
Running analysis for field: density
Running analysis for field: mach_number
Running analysis for field: sound_speed
Running analysis for field: magnetic_energy_density
Running analysis for field: magnetic_field_magnitude
Running analysis for field: density
Running analysis for field: mach_number
Running analysis for field: sound_speed
Running analysis for field: magnetic_energy_density
Running analysis for field: magnetic_field_magnitude
Running analysis for field: density
Running analysis for field: mach_number
Running analysis for field: sound_speed
Running analysis for field: magnetic_energy_density
Running analysis for field: magnetic_field_magnitude
Running analysis for field: density
Running analysis for field: mach_number
Running analysis for field: sound_speed
Running analysis for field: magnetic_energy_density
Running analysis for field: magnetic_field_magnitude
Running analysis for field: density
Running analysis for field: mach_number
Running analysis for field: sound_speed
Running analysis for field: magnetic_energy_density
Running analysis for field: magnetic_field_magnitude
Running analysis for field: density
Running analysis for field: mach_number
Running analysis for field: sound_speed
Running analysis for field: magnetic_energy_density
Running analysis for field: magnetic_field_magnitude
Running analysis for field: density
Running analysis for field: mach_number
Running analysis for field: sound_speed
Running analysis for field: magnetic_energy_density
Running analysis for field: magnetic_field_magnitude
Running analysis for field: density
Running analysis for field: mach_number
Running analysis for field: sound_speed
Running analysis for field: magnetic_energy_density
Running analysis for field: magnetic_field_magnitude
Running analysis for field: density
Running analysis for field: mach_number
Running analysis for field: sound_speed
Running analysis for field: magnetic_energy_density
Running analysis for field: magnetic_field_magnitude
Running analysis for field: density
Running analysis for field: mach_number
Running analysis for field: sound_speed
Running analysis for field: magnetic_energy_density
Running analysis for field: magnetic_field_magnitude
Running analysis for field: density
Running analysis for field: mach_number
Running analysis for field: sound_speed
Running analysis for field: magnetic_energy_density
Running analysis for field: magnetic_field_magnitude
Running analysis for field: density
Running analysis for field: mach_number
Running analysis for field: sound_speed
Running analysis for field: magnetic_energy_density
Running analysis for field: magnetic_field_magnitude
Running analysis for field: density
Running analysis for field: mach_number
Running analysis for field: sound_speed
Running analysis for field: magnetic_energy_density
Running analysis for field: magnetic_field_magnitude
Running analysis for field: density
Running analysis for field: mach_number
Running analysis for field: sound_speed
Running analysis for field: magnetic_energy_density
Running analysis for field: magnetic_field_magnitude
Running analysis for field: density
Running analysis for field: mach_number
Running analysis for field: sound_speed
Running analysis for field: magnetic_energy_density
Running analysis for field: magnetic_field_magnitude
Running analysis for field: density
Running analysis for field: mach_number
Running analysis for field: sound_speed
Running analysis for field: magnetic_energy_density
Running analysis for field: magnetic_field_magnitude
Running analysis for field: density
Running analysis for field: mach_number
Running analysis for field: sound_speed
Running analysis for field: magnetic_energy_density
Running analysis for field: magnetic_field_magnitude
Running analysis for field: density
Running analysis for field: mach_number
Running analysis for field: sound_speed
Running analysis for field: magnetic_energy_density
Running analysis for field: magnetic_field_magnitude
Running analysis for field: density
Running analysis for field: mach_number
Running analysis for field: sound_speed
Running analysis for field: magnetic_energy_density
Running analysis for field: magnetic_field_magnitude
Running analysis for field: density
Running analysis for field: mach_number
Running analysis for field: sound_speed
Running analysis for field: magnetic_energy_density
Running analysis for field: magnetic_field_magnitude
Running analysis for field: density
Running analysis for field: mach_number
Running analysis for field: sound_speed
Running analysis for field: magnetic_energy_density
Running analysis for field: magnetic_field_magnitude
Running analysis for field: density
Running analysis for field: mach_number
Running analysis for field: sound_speed
Running analysis for field: magnetic_energy_density
Running analysis for field: magnetic_field_magnitude
Running analysis for field: density
Running analysis for field: mach_number
Running analysis for field: sound_speed
Running analysis for field: magnetic_energy_density
Running analysis for field: magnetic_field_magnitude
Running analysis for field: density
Running analysis for field: mach_number
Running analysis for field: sound_speed
Running analysis for field: magnetic_energy_density
Running analysis for field: magnetic_field_magnitude
Running analysis for field: density
Running analysis for field: mach_number
Running analysis for field: sound_speed
Running analysis for field: magnetic_energy_density
Running analysis for field: magnetic_field_magnitude
Running analysis for field: density
Running analysis for field: mach_number
Running analysis for field: sound_speed
Running analysis for field: magnetic_energy_density
Running analysis for field: magnetic_field_magnitude
Running analysis for field: density
Running analysis for field: mach_number
Running analysis for field: sound_speed
Running analysis for field: magnetic_energy_density
Running analysis for field: magnetic_field_magnitude
Running analysis for field: density
Running analysis for field: mach_number
Running analysis for field: sound_speed
Running analysis for field: magnetic_energy_density
Running analysis for field: magnetic_field_magnitude
Running analysis for field: density
Running analysis for field: mach_number
Running analysis for field: sound_speed
Running analysis for field: magnetic_energy_density
Running analysis for field: magnetic_field_magnitude
Running analysis for field: density
Running analysis for field: mach_number
Running analysis for field: sound_speed
Running analysis for field: magnetic_energy_density
Running analysis for field: magnetic_field_magnitude
Running analysis for field: density
Running analysis for field: mach_number
Running analysis for field: sound_speed
Running analysis for field: magnetic_energy_density
Running analysis for field: magnetic_field_magnitude
Running analysis for field: density
Running analysis for field: mach_number
Running analysis for field: sound_speed
Running analysis for field: magnetic_energy_density
Running analysis for field: magnetic_field_magnitude
Running analysis for field: density
Running analysis for field: mach_number
Running analysis for field: sound_speed
Running analysis for field: magnetic_energy_density
Running analysis for field: magnetic_field_magnitude
Running analysis for field: density
Running analysis for field: mach_number
Running analysis for field: sound_speed
Running analysis for field: magnetic_energy_density
Running analysis for field: magnetic_field_magnitude
Running analysis for field: density
Running analysis for field: mach_number
Running analysis for field: sound_speed
Running analysis for field: magnetic_energy_density
Running analysis for field: magnetic_field_magnitude
Running analysis for field: density
Running analysis for field: mach_number
Running analysis for field: sound_speed
Running analysis for field: magnetic_energy_density
Running analysis for field: magnetic_field_magnitude
Traceback (most recent call last):
  File "/home/sferrada/athenapk_kultrun/scripts/run_analysis.py", line 33, in <module>
    main()
  File "/home/sferrada/athenapk_kultrun/scripts/run_analysis.py", line 25, in main
    sim.get_run_average_fields(
  File "/home/sferrada/athenapk_kultrun/src/model.py", line 319, in get_run_average_fields
    data = np.column_stack((times, *all_fields_data))
           ^^^^^^^^^^^^^^^^^^^^^^^^^^^^^^^^^^^^^^^^^^
  File "/opt/Python/Python-3.11.4/lib/python3.11/site-packages/numpy/lib/shape_base.py", line 652, in column_stack
    return _nx.concatenate(arrays, 1)
           ^^^^^^^^^^^^^^^^^^^^^^^^^^
ValueError: all the input array dimensions except for the concatenation axis must match exactly, but along dimension 0, the array at index 0 has size 51 and the array at index 1 has size 5
