#Variables in use:
# Package: parthenon::resolved_state
# ---------------------------------------------------
# Variables:
# Name	Metadata flags
# ---------------------------------------------------
turbulence_phases_k       None,Provides,Real,Derived,OneCopy
turbulence_phases_j       None,Provides,Real,Derived,OneCopy
turbulence_phases_i       None,Provides,Real,Derived,OneCopy
acc                       Cell,Provides,Real,Derived,OneCopy
prim                      Cell,Provides,Real,Derived
cons                      Cell,Provides,Real,Independent,FillGhost,WithFluxes
# ---------------------------------------------------
# Sparse Variables:
# Name	sparse id	Metadata flags
# ---------------------------------------------------
# ---------------------------------------------------
# Swarms:
# Swarm	Value	metadata
# ---------------------------------------------------

Applying norm factor of 10.0986 to B field. Orig mean E_mag = 0.249857
Starting up hydro driver

Setup complete, executing driver...

