Applying norm factor of 14.1381 to B field. Orig mean E_mag = 0.249857
Starting up hydro driver
# Variables in use:
# Package: parthenon::resolved_state
# ---------------------------------------------------
# Variables:
# Name	Metadata flags
# ---------------------------------------------------
turbulence_phases_k       None,Provides,Real,Derived,OneCopy,Hydro,parthenon::resolved_state
turbulence_phases_j       None,Provides,Real,Derived,OneCopy,Hydro,parthenon::resolved_state
turbulence_phases_i       None,Provides,Real,Derived,OneCopy,Hydro,parthenon::resolved_state
acc                       Cell,Provides,Real,Derived,OneCopy,Hydro,parthenon::resolved_state
prim                      Cell,Provides,Real,Derived,Hydro,parthenon::resolved_state
cons                      Cell,Provides,Real,Independent,FillGhost,WithFluxes,Hydro,parthenon::resolved_state
# ---------------------------------------------------
# Sparse Variables:
# Name	sparse id	Metadata flags
# ---------------------------------------------------
# ---------------------------------------------------
# Swarms:
# Swarm	Value	metadata
# ---------------------------------------------------


Setup complete, executing driver...

cycle=0 time=0.0000000000000000e+00 dt=1.1688964375570145e-03 zone-cycles/wsec_step=0.00e+00 wsec_total=1.43e+01 wsec_step=1.48e+01
-------------- New Mesh structure after (de)refinement -------------
Root grid = 4 x 4 x 2 MeshBlocks
Total number of MeshBlocks = 32
Number of physical refinement levels = 0
Number of logical  refinement levels = 2
  Physical level = 0 (logical level = 2): 32 MeshBlocks, cost = 32
--------------------------------------------------------------------
