AthenaPK hydro: Unknown EOS
Backtrace:
                        [0xb8f8b3]
                        [0xb85db8]
                        [0xb85deb]
                        [0x4bd330]
                        [0x4a66ca]
                        [0x4a6e6a]
                        [0x46460c]
                        [0x93036b]
                        [0x44bc7f]
                  [0x7f6c7f83feb0]
__libc_start_main [0x7f6c7f83ff60]
                        [0x463a65]
[g001:1274052] *** Process received signal ***
[g001:1274052] Signal: Aborted (6)
[g001:1274052] Signal code:  (-6)
[g001:1274052] [ 0] /lib64/libc.so.6(+0x54df0)[0x7f6c7f854df0]
[g001:1274052] [ 1] /lib64/libc.so.6(+0xa154c)[0x7f6c7f8a154c]
[g001:1274052] [ 2] /lib64/libc.so.6(raise+0x16)[0x7f6c7f854d46]
[g001:1274052] [ 3] /lib64/libc.so.6(abort+0xd3)[0x7f6c7f8287f3]
[g001:1274052] [ 4] ./athenapk/build-host/bin/athenaPK[0xb85df0]
[g001:1274052] [ 5] ./athenapk/build-host/bin/athenaPK[0x4bd330]
[g001:1274052] [ 6] ./athenapk/build-host/bin/athenaPK[0x4a66ca]
[g001:1274052] [ 7] ./athenapk/build-host/bin/athenaPK[0x4a6e6a]
[g001:1274052] [ 8] ./athenapk/build-host/bin/athenaPK[0x46460c]
[g001:1274052] [ 9] ./athenapk/build-host/bin/athenaPK[0x93036b]
[g001:1274052] [10] ./athenapk/build-host/bin/athenaPK[0x44bc7f]
[g001:1274052] [11] /lib64/libc.so.6(+0x3feb0)[0x7f6c7f83feb0]
[g001:1274052] [12] /lib64/libc.so.6(__libc_start_main+0x80)[0x7f6c7f83ff60]
[g001:1274052] [13] ./athenapk/build-host/bin/athenaPK[0x463a65]
[g001:1274052] *** End of error message ***
--------------------------------------------------------------------------
Primary job  terminated normally, but 1 process returned
a non-zero exit code. Per user-direction, the job has been aborted.
--------------------------------------------------------------------------
--------------------------------------------------------------------------
mpirun noticed that process rank 0 with PID 1274052 on node g001 exited on signal 6 (Aborted).
--------------------------------------------------------------------------
mv: cannot stat 'parthenon.*': No such file or directory
